
> aadhaar-verification-server@0.0.1 start:dev
> cross-env NODE_ENV=development nest start --watch

[2J[3J[H[[90m8:30:11 PM[0m] Starting compilation in watch mode...

[[90m8:30:12 PM[0m] Found 0 errors. Watching for file changes.

(node:33015) [DEP0190] DeprecationWarning: Passing args to a child process with shell option true can lead to security vulnerabilities, as the arguments are not escaped, only concatenated.
(Use `node --trace-deprecation ...` to show where the warning was created)
[32m[Nest] 33019  - [39m06/13/2025, 8:30:12 PM [32m    LOG[39m [38;5;3m[Bootstrap] [39m[32m--- Starting Application Bootstrap ---[39m
[32m[Nest] 33019  - [39m06/13/2025, 8:30:12 PM [32m    LOG[39m [38;5;3m[NestFactory] [39m[32mStarting Nest application...[39m
[32m[Nest] 33019  - [39m06/13/2025, 8:30:12 PM [32m    LOG[39m [38;5;3m[InstanceLoader] [39m[32mCommonModule dependencies initialized[39m
[32m[Nest] 33019  - [39m06/13/2025, 8:30:12 PM [32m    LOG[39m [38;5;3m[InstanceLoader] [39m[32mAppModule dependencies initialized[39m
[32m[Nest] 33019  - [39m06/13/2025, 8:30:12 PM [32m    LOG[39m [38;5;3m[InstanceLoader] [39m[32mHealthModule dependencies initialized[39m
[32m[Nest] 33019  - [39m06/13/2025, 8:30:12 PM [32m    LOG[39m [38;5;3m[InstanceLoader] [39m[32mConfigHostModule dependencies initialized[39m
[32m[Nest] 33019  - [39m06/13/2025, 8:30:12 PM [32m    LOG[39m [38;5;3m[InstanceLoader] [39m[32mServeStaticModule dependencies initialized[39m
[32m[Nest] 33019  - [39m06/13/2025, 8:30:12 PM [32m    LOG[39m [38;5;3m[InstanceLoader] [39m[32mConfigModule dependencies initialized[39m
[32m[Nest] 33019  - [39m06/13/2025, 8:30:12 PM [32m    LOG[39m [38;5;3m[InstanceLoader] [39m[32mConfigModule dependencies initialized[39m
{"timestamp":"2025-06-13T15:00:12.903Z","level":"log","message":"PROVIDER_INITIALIZATION_START","context":"AuditLogger","correlationId":"bac36e7d-c59a-417d-ba9a-db2612091c05","payload":{}}
{"timestamp":"2025-06-13T15:00:12.903Z","level":"log","message":"PROVIDER_INITIALIZATION_CONFIG","context":"AuditLogger","correlationId":"bac36e7d-c59a-417d-ba9a-db2612091c05","payload":{"isDevelopment":true,"auaCode":"public","uidaiBaseUrl":"https://developer.uidai.gov.in","licenseKey":"public...","uidaiAuthUrl":"https://developer.uidai.gov.in/authserver/2.5","uidaiOtpUrl":"https://developer.uidai.gov.in/uidotp/2.5"}}
[33m[Nest] 33019  - [39m06/13/2025, 8:30:12 PM [33m   WARN[39m [38;5;3m[AuditLogger] [39m[33mloadKeys is not implemented[39m
{"timestamp":"2025-06-13T15:00:12.903Z","level":"log","message":"PROVIDER_INITIALIZATION_SUCCESS","context":"AuditLogger","correlationId":"bac36e7d-c59a-417d-ba9a-db2612091c05","payload":{"loadedKeys":true}}
[32m[Nest] 33019  - [39m06/13/2025, 8:30:12 PM [32m    LOG[39m [38;5;3m[InstanceLoader] [39m[32mJwtModule dependencies initialized[39m
[32m[Nest] 33019  - [39m06/13/2025, 8:30:12 PM [32m    LOG[39m [38;5;3m[InstanceLoader] [39m[32mAuthModule dependencies initialized[39m
[32m[Nest] 33019  - [39m06/13/2025, 8:30:12 PM [32m    LOG[39m [38;5;3m[Bootstrap] [39m[32mNestFactory created application instance.[39m
[32m[Nest] 33019  - [39m06/13/2025, 8:30:12 PM [32m    LOG[39m [38;5;3m[Bootstrap] [39m[32mRunning in Development mode.[39m
[32m[Nest] 33019  - [39m06/13/2025, 8:30:12 PM [32m    LOG[39m [38;5;3m[Bootstrap] [39m[32mHelmet security middleware configured.[39m
[32m[Nest] 33019  - [39m06/13/2025, 8:30:12 PM [32m    LOG[39m [38;5;3m[Bootstrap] [39m[32mBodyParser middleware configured.[39m
[32m[Nest] 33019  - [39m06/13/2025, 8:30:12 PM [32m    LOG[39m [38;5;3m[Bootstrap] [39m[32mCORS middleware configured.[39m
[32m[Nest] 33019  - [39m06/13/2025, 8:30:13 PM [32m    LOG[39m [38;5;3m[Bootstrap] [39m[32mGlobal ValidationPipe configured.[39m
[32m[Nest] 33019  - [39m06/13/2025, 8:30:13 PM [32m    LOG[39m [38;5;3m[Bootstrap] [39m[32mServing static files from: /Users/aaryanguglani/Desktop/projcects/aadhaar/public[39m
[32m[Nest] 33019  - [39m06/13/2025, 8:30:13 PM [32m    LOG[39m [38;5;3m[Bootstrap] [39m[32mAttempting to listen on 0.0.0.0:3002[39m
[32m[Nest] 33019  - [39m06/13/2025, 8:30:13 PM [32m    LOG[39m [38;5;3m[CrossDeviceGateway] [39m[32mðŸ”Œ Cross-Device WebSocket Gateway initialized[39m
{"timestamp":"2025-06-13T15:00:13.036Z","level":"log","message":"CROSS_DEVICE_WEBSOCKET_INITIALIZED","context":"AuditLogger","correlationId":"system","payload":{"timestamp":"2025-06-13T15:00:13.036Z"}}
[32m[Nest] 33019  - [39m06/13/2025, 8:30:13 PM [32m    LOG[39m [38;5;3m[WebSocketsController] [39m[32mCrossDeviceGateway subscribed to the "join_session" message[39m
[32m[Nest] 33019  - [39m06/13/2025, 8:30:13 PM [32m    LOG[39m [38;5;3m[WebSocketsController] [39m[32mCrossDeviceGateway subscribed to the "get_session_status" message[39m
[32m[Nest] 33019  - [39m06/13/2025, 8:30:13 PM [32m    LOG[39m [38;5;3m[RoutesResolver] [39m[32mAppController {/}:[39m
[32m[Nest] 33019  - [39m06/13/2025, 8:30:13 PM [32m    LOG[39m [38;5;3m[RouterExplorer] [39m[32mMapped {/health, GET} route[39m
[32m[Nest] 33019  - [39m06/13/2025, 8:30:13 PM [32m    LOG[39m [38;5;3m[RoutesResolver] [39m[32mAuthController {/auth}:[39m
[32m[Nest] 33019  - [39m06/13/2025, 8:30:13 PM [32m    LOG[39m [38;5;3m[RouterExplorer] [39m[32mMapped {/auth/qr, GET} route[39m
[32m[Nest] 33019  - [39m06/13/2025, 8:30:13 PM [32m    LOG[39m [38;5;3m[RouterExplorer] [39m[32mMapped {/auth/callback, POST} route[39m
[32m[Nest] 33019  - [39m06/13/2025, 8:30:13 PM [32m    LOG[39m [38;5;3m[RouterExplorer] [39m[32mMapped {/auth/verify/:sessionId, GET} route[39m
[32m[Nest] 33019  - [39m06/13/2025, 8:30:13 PM [32m    LOG[39m [38;5;3m[RouterExplorer] [39m[32mMapped {/auth/session/:sessionId, GET} route[39m
[32m[Nest] 33019  - [39m06/13/2025, 8:30:13 PM [32m    LOG[39m [38;5;3m[RouterExplorer] [39m[32mMapped {/auth/session/:sessionId/status, GET} route[39m
[32m[Nest] 33019  - [39m06/13/2025, 8:30:13 PM [32m    LOG[39m [38;5;3m[RouterExplorer] [39m[32mMapped {/auth/session/:sessionId/complete, POST} route[39m
[32m[Nest] 33019  - [39m06/13/2025, 8:30:13 PM [32m    LOG[39m [38;5;3m[RouterExplorer] [39m[32mMapped {/auth/session/create, POST} route[39m
[32m[Nest] 33019  - [39m06/13/2025, 8:30:13 PM [32m    LOG[39m [38;5;3m[RouterExplorer] [39m[32mMapped {/auth/config/validate, GET} route[39m
[32m[Nest] 33019  - [39m06/13/2025, 8:30:13 PM [32m    LOG[39m [38;5;3m[RouterExplorer] [39m[32mMapped {/auth/test/connection, GET} route[39m
[32m[Nest] 33019  - [39m06/13/2025, 8:30:13 PM [32m    LOG[39m [38;5;3m[RouterExplorer] [39m[32mMapped {/auth/test/certificates, GET} route[39m
[32m[Nest] 33019  - [39m06/13/2025, 8:30:13 PM [32m    LOG[39m [38;5;3m[RouterExplorer] [39m[32mMapped {/auth/test/load, GET} route[39m
[32m[Nest] 33019  - [39m06/13/2025, 8:30:13 PM [32m    LOG[39m [38;5;3m[RouterExplorer] [39m[32mMapped {/auth/data/retrieve, POST} route[39m
[32m[Nest] 33019  - [39m06/13/2025, 8:30:13 PM [32m    LOG[39m [38;5;3m[RoutesResolver] [39m[32mCrossDeviceController {/auth/cross-device}:[39m
[32m[Nest] 33019  - [39m06/13/2025, 8:30:13 PM [32m    LOG[39m [38;5;3m[RouterExplorer] [39m[32mMapped {/auth/cross-device/initiate, GET} route[39m
[32m[Nest] 33019  - [39m06/13/2025, 8:30:13 PM [32m    LOG[39m [38;5;3m[RouterExplorer] [39m[32mMapped {/auth/cross-device/authenticate/:sessionId, GET} route[39m
[32m[Nest] 33019  - [39m06/13/2025, 8:30:13 PM [32m    LOG[39m [38;5;3m[RouterExplorer] [39m[32mMapped {/auth/cross-device/authenticate, POST} route[39m
[32m[Nest] 33019  - [39m06/13/2025, 8:30:13 PM [32m    LOG[39m [38;5;3m[RouterExplorer] [39m[32mMapped {/auth/cross-device/session/create, POST} route[39m
[32m[Nest] 33019  - [39m06/13/2025, 8:30:13 PM [32m    LOG[39m [38;5;3m[RouterExplorer] [39m[32mMapped {/auth/cross-device/session/:sessionId/status, GET} route[39m
[32m[Nest] 33019  - [39m06/13/2025, 8:30:13 PM [32m    LOG[39m [38;5;3m[RouterExplorer] [39m[32mMapped {/auth/cross-device/sessions/active, GET} route[39m
[32m[Nest] 33019  - [39m06/13/2025, 8:30:13 PM [32m    LOG[39m [38;5;3m[RoutesResolver] [39m[32mHealthController {/health}:[39m
[32m[Nest] 33019  - [39m06/13/2025, 8:30:13 PM [32m    LOG[39m [38;5;3m[RouterExplorer] [39m[32mMapped {/health, GET} route[39m
[32m[Nest] 33019  - [39m06/13/2025, 8:30:13 PM [32m    LOG[39m [38;5;3m[NestApplication] [39m[32mNest application successfully started[39m
[32m[Nest] 33019  - [39m06/13/2025, 8:30:13 PM [32m    LOG[39m [38;5;3m[Bootstrap] [39m[32mâœ…âœ…âœ… SERVER IS LISTENING! âœ…âœ…âœ…[39m
[32m[Nest] 33019  - [39m06/13/2025, 8:30:13 PM [32m    LOG[39m [38;5;3m[Bootstrap] [39m[32mðŸš€ Application is running on: http://127.0.0.1:3002[39m
[32m[Nest] 33019  - [39m06/13/2025, 8:30:13 PM [32m    LOG[39m [38;5;3m[Bootstrap] [39m[32m--- Bootstrap successful ---[39m
{"timestamp":"2025-06-13T15:00:32.855Z","level":"log","message":"AUTH_QR_INITIATED","context":"AuditLogger","correlationId":"b2b041af-0182-49e9-b361-2e44be9fe1df","payload":{"uid":"999999990019","redirectUri":"http://localhost:3002/test"}}
{"timestamp":"2025-06-13T15:00:32.855Z","level":"log","message":"AUTH_QR_INITIATED","context":"AuditLogger","correlationId":"b2b041af-0182-49e9-b361-2e44be9fe1df","payload":{"uid":"********0019","redirectUri":"http://localhost:3002/test"}}
{"timestamp":"2025-06-13T15:00:32.855Z","level":"log","message":"CONSTRUCTED_OTP_API_URL","context":"AuditLogger","correlationId":"b2b041af-0182-49e9-b361-2e44be9fe1df","payload":{"otpApiUrl":"https://developer.uidai.gov.in/uidotp/2.5/public/9/9/public"}}
{"timestamp":"2025-06-13T15:00:32.864Z","level":"log","message":"SENDING_REQUEST_TO_UIDAI","context":"AuditLogger","correlationId":"b2b041af-0182-49e9-b361-2e44be9fe1df","payload":{"apiUrl":"https://developer.uidai.gov.in/uidotp/2.5/public/9/9/public","requestXmlLength":1125,"requestXmlSample":"<?xml version=\"1.0\" encoding=\"UTF-8\" standalone=\"yes\"?>\n<Otp uid=\"999999990019\" tid=\"public\" ac=\"pub..."}}
{"timestamp":"2025-06-13T15:00:33.020Z","level":"log","message":"UIDAI_RAW_RESPONSE","context":"AuditLogger","correlationId":"b2b041af-0182-49e9-b361-2e44be9fe1df","payload":{"statusCode":200,"statusText":"","headers":{"server":"nginx/1.23.2","date":"Fri, 13 Jun 2025 15:00:33 GMT","content-type":"application/xml;charset=UTF-8","content-length":"192","connection":"keep-alive","strict-transport-security":"max-age=16070400; includeSubDomains"},"responseLength":192,"responsePreview":"<?xml version=\"1.0\" encoding=\"UTF-8\"?>\n<OtpRes txn=\"13bf6866-d413-4e8d-b99e-bd3d18846c76\" err=\"940\" code=\"0ddb02c5bb6b4ce58354a305168f86df\" ts=\"2025-06-13T20:30:33.139+05:30\" ret=\"n\" info=\"\"/>..."}}
{"timestamp":"2025-06-13T15:00:33.022Z","level":"log","message":"UIDAI_RESPONSE_PARSED","context":"AuditLogger","correlationId":"b2b041af-0182-49e9-b361-2e44be9fe1df","payload":{"parsedResponse":{"OtpRes":{"$":{"txn":"13bf6866-d413-4e8d-b99e-bd3d18846c76","err":"940","code":"0ddb02c5bb6b4ce58354a305168f86df","ts":"2025-06-13T20:30:33.139+05:30","ret":"n","info":""}}}}}
{"timestamp":"2025-06-13T15:00:33.022Z","level":"warn","message":"NO_SIGNATURE_IN_UIDAI_RESPONSE","context":"AuditLogger","correlationId":"b2b041af-0182-49e9-b361-2e44be9fe1df","payload":{"parsedResponse":{"OtpRes":{"$":{"txn":"13bf6866-d413-4e8d-b99e-bd3d18846c76","err":"940","code":"0ddb02c5bb6b4ce58354a305168f86df","ts":"2025-06-13T20:30:33.139+05:30","ret":"n","info":""}}}}}
{"timestamp":"2025-06-13T15:00:33.022Z","level":"error","message":"OTP_INITIATION_FAILED_UIDAI","context":"AuditLogger","correlationId":"b2b041af-0182-49e9-b361-2e44be9fe1df","payload":{}}
{"timestamp":"2025-06-13T15:00:33.025Z","level":"error","message":"AUTH_QR_FAILED","context":"AuditLogger","correlationId":"b2b041af-0182-49e9-b361-2e44be9fe1df","payload":{"error":"Aadhaar OTP initiation failed: undefined","uid":"999999990019","redirectUri":"http://localhost:3002/test","stack":"HttpException: Aadhaar OTP initiation failed: undefined\n    at AadhaarProvider.initiateAuth (/Users/aaryanguglani/Desktop/projcects/aadhaar/src/modules/auth/providers/aadhaar.provider.ts:347:13)\n    at process.processTicksAndRejections (node:internal/process/task_queues:105:5)\n    at async AuthController.getQrCode (/Users/aaryanguglani/Desktop/projcects/aadhaar/src/modules/auth/auth.controller.ts:80:22)"}}
{"timestamp":"2025-06-13T15:00:33.026Z","level":"error","message":"HTTP Exception: GET /auth/qr?uid=999999990019&redirectUri=http://localhost:3002/test","context":"AuditLogger","correlationId":"b2b041af-0182-49e9-b361-2e44be9fe1df","payload":{"path":"/auth/qr?uid=999999990019&redirectUri=http://localhost:3002/test","method":"GET","statusCode":400,"error":"Aadhaar OTP initiation failed: undefined","stack":"HttpException: Aadhaar OTP initiation failed: undefined\n    at AadhaarProvider.initiateAuth (/Users/aaryanguglani/Desktop/projcects/aadhaar/src/modules/auth/providers/aadhaar.provider.ts:347:13)\n    at process.processTicksAndRejections (node:internal/process/task_queues:105:5)\n    at async AuthController.getQrCode (/Users/aaryanguglani/Desktop/projcects/aadhaar/src/modules/auth/auth.controller.ts:80:22)"}}
[2J[3J[H[[90m1:34:38 AM[0m] File change detected. Starting incremental compilation...

[[90m1:34:38 AM[0m] Found 0 errors. Watching for file changes.

[32m[Nest] 46240  - [39m06/16/2025, 1:34:39 AM [32m    LOG[39m [38;5;3m[Bootstrap] [39m[32m--- Starting Application Bootstrap ---[39m
[32m[Nest] 46240  - [39m06/16/2025, 1:34:39 AM [32m    LOG[39m [38;5;3m[NestFactory] [39m[32mStarting Nest application...[39m
[32m[Nest] 46240  - [39m06/16/2025, 1:34:39 AM [32m    LOG[39m [38;5;3m[InstanceLoader] [39m[32mCommonModule dependencies initialized[39m
[32m[Nest] 46240  - [39m06/16/2025, 1:34:39 AM [32m    LOG[39m [38;5;3m[InstanceLoader] [39m[32mAppModule dependencies initialized[39m
[32m[Nest] 46240  - [39m06/16/2025, 1:34:39 AM [32m    LOG[39m [38;5;3m[InstanceLoader] [39m[32mHealthModule dependencies initialized[39m
[32m[Nest] 46240  - [39m06/16/2025, 1:34:39 AM [32m    LOG[39m [38;5;3m[InstanceLoader] [39m[32mConfigHostModule dependencies initialized[39m
[32m[Nest] 46240  - [39m06/16/2025, 1:34:39 AM [32m    LOG[39m [38;5;3m[InstanceLoader] [39m[32mServeStaticModule dependencies initialized[39m
[32m[Nest] 46240  - [39m06/16/2025, 1:34:39 AM [32m    LOG[39m [38;5;3m[InstanceLoader] [39m[32mConfigModule dependencies initialized[39m
[32m[Nest] 46240  - [39m06/16/2025, 1:34:39 AM [32m    LOG[39m [38;5;3m[InstanceLoader] [39m[32mConfigModule dependencies initialized[39m
{"timestamp":"2025-06-15T20:04:39.131Z","level":"log","message":"PROVIDER_INITIALIZATION_START","context":"AuditLogger","correlationId":"af463122-775c-4cac-90ba-946aefbd9066","payload":{}}
{"timestamp":"2025-06-15T20:04:39.132Z","level":"log","message":"PROVIDER_INITIALIZATION_CONFIG","context":"AuditLogger","correlationId":"af463122-775c-4cac-90ba-946aefbd9066","payload":{"isDevelopment":true,"auaCode":"public","uidaiBaseUrl":"https://developer.uidai.gov.in","licenseKey":"public...","uidaiAuthUrl":"https://developer.uidai.gov.in/authserver/2.5","uidaiOtpUrl":"https://developer.uidai.gov.in/uidotp/2.5"}}
[33m[Nest] 46240  - [39m06/16/2025, 1:34:39 AM [33m   WARN[39m [38;5;3m[AuditLogger] [39m[33mloadKeys is not implemented[39m
{"timestamp":"2025-06-15T20:04:39.132Z","level":"log","message":"PROVIDER_INITIALIZATION_SUCCESS","context":"AuditLogger","correlationId":"af463122-775c-4cac-90ba-946aefbd9066","payload":{"loadedKeys":true}}
[32m[Nest] 46240  - [39m06/16/2025, 1:34:39 AM [32m    LOG[39m [38;5;3m[InstanceLoader] [39m[32mJwtModule dependencies initialized[39m
[32m[Nest] 46240  - [39m06/16/2025, 1:34:39 AM [32m    LOG[39m [38;5;3m[InstanceLoader] [39m[32mAuthModule dependencies initialized[39m
[32m[Nest] 46240  - [39m06/16/2025, 1:34:39 AM [32m    LOG[39m [38;5;3m[Bootstrap] [39m[32mNestFactory created application instance.[39m
[32m[Nest] 46240  - [39m06/16/2025, 1:34:39 AM [32m    LOG[39m [38;5;3m[Bootstrap] [39m[32mRunning in Development mode.[39m
[32m[Nest] 46240  - [39m06/16/2025, 1:34:39 AM [32m    LOG[39m [38;5;3m[Bootstrap] [39m[32mHelmet security middleware configured.[39m
[32m[Nest] 46240  - [39m06/16/2025, 1:34:39 AM [32m    LOG[39m [38;5;3m[Bootstrap] [39m[32mBodyParser middleware configured.[39m
[32m[Nest] 46240  - [39m06/16/2025, 1:34:39 AM [32m    LOG[39m [38;5;3m[Bootstrap] [39m[32mCORS middleware configured.[39m
[32m[Nest] 46240  - [39m06/16/2025, 1:34:39 AM [32m    LOG[39m [38;5;3m[Bootstrap] [39m[32mGlobal ValidationPipe configured.[39m
[32m[Nest] 46240  - [39m06/16/2025, 1:34:39 AM [32m    LOG[39m [38;5;3m[Bootstrap] [39m[32mServing static files from: /Users/aaryanguglani/Desktop/projcects/aadhaar/public[39m
[32m[Nest] 46240  - [39m06/16/2025, 1:34:39 AM [32m    LOG[39m [38;5;3m[Bootstrap] [39m[32mAttempting to listen on 0.0.0.0:3002[39m
[32m[Nest] 46240  - [39m06/16/2025, 1:34:39 AM [32m    LOG[39m [38;5;3m[CrossDeviceGateway] [39m[32mðŸ”Œ Cross-Device WebSocket Gateway initialized[39m
{"timestamp":"2025-06-15T20:04:39.338Z","level":"log","message":"CROSS_DEVICE_WEBSOCKET_INITIALIZED","context":"AuditLogger","correlationId":"system","payload":{"timestamp":"2025-06-15T20:04:39.338Z"}}
[32m[Nest] 46240  - [39m06/16/2025, 1:34:39 AM [32m    LOG[39m [38;5;3m[WebSocketsController] [39m[32mCrossDeviceGateway subscribed to the "join_session" message[39m
[32m[Nest] 46240  - [39m06/16/2025, 1:34:39 AM [32m    LOG[39m [38;5;3m[WebSocketsController] [39m[32mCrossDeviceGateway subscribed to the "get_session_status" message[39m
[32m[Nest] 46240  - [39m06/16/2025, 1:34:39 AM [32m    LOG[39m [38;5;3m[RoutesResolver] [39m[32mAppController {/}:[39m
[32m[Nest] 46240  - [39m06/16/2025, 1:34:39 AM [32m    LOG[39m [38;5;3m[RouterExplorer] [39m[32mMapped {/health, GET} route[39m
[32m[Nest] 46240  - [39m06/16/2025, 1:34:39 AM [32m    LOG[39m [38;5;3m[RoutesResolver] [39m[32mAuthController {/auth}:[39m
[32m[Nest] 46240  - [39m06/16/2025, 1:34:39 AM [32m    LOG[39m [38;5;3m[RouterExplorer] [39m[32mMapped {/auth/qr, GET} route[39m
[32m[Nest] 46240  - [39m06/16/2025, 1:34:39 AM [32m    LOG[39m [38;5;3m[RouterExplorer] [39m[32mMapped {/auth/callback, POST} route[39m
[32m[Nest] 46240  - [39m06/16/2025, 1:34:39 AM [32m    LOG[39m [38;5;3m[RouterExplorer] [39m[32mMapped {/auth/verify/:sessionId, GET} route[39m
[32m[Nest] 46240  - [39m06/16/2025, 1:34:39 AM [32m    LOG[39m [38;5;3m[RouterExplorer] [39m[32mMapped {/auth/session/:sessionId, GET} route[39m
[32m[Nest] 46240  - [39m06/16/2025, 1:34:39 AM [32m    LOG[39m [38;5;3m[RouterExplorer] [39m[32mMapped {/auth/session/:sessionId/status, GET} route[39m
[32m[Nest] 46240  - [39m06/16/2025, 1:34:39 AM [32m    LOG[39m [38;5;3m[RouterExplorer] [39m[32mMapped {/auth/session/:sessionId/complete, POST} route[39m
[32m[Nest] 46240  - [39m06/16/2025, 1:34:39 AM [32m    LOG[39m [38;5;3m[RouterExplorer] [39m[32mMapped {/auth/session/create, POST} route[39m
[32m[Nest] 46240  - [39m06/16/2025, 1:34:39 AM [32m    LOG[39m [38;5;3m[RouterExplorer] [39m[32mMapped {/auth/config/validate, GET} route[39m
[32m[Nest] 46240  - [39m06/16/2025, 1:34:39 AM [32m    LOG[39m [38;5;3m[RouterExplorer] [39m[32mMapped {/auth/test/connection, GET} route[39m
[32m[Nest] 46240  - [39m06/16/2025, 1:34:39 AM [32m    LOG[39m [38;5;3m[RouterExplorer] [39m[32mMapped {/auth/test/certificates, GET} route[39m
[32m[Nest] 46240  - [39m06/16/2025, 1:34:39 AM [32m    LOG[39m [38;5;3m[RouterExplorer] [39m[32mMapped {/auth/test/load, GET} route[39m
[32m[Nest] 46240  - [39m06/16/2025, 1:34:39 AM [32m    LOG[39m [38;5;3m[RouterExplorer] [39m[32mMapped {/auth/data/retrieve, POST} route[39m
[32m[Nest] 46240  - [39m06/16/2025, 1:34:39 AM [32m    LOG[39m [38;5;3m[RoutesResolver] [39m[32mCrossDeviceController {/auth/cross-device}:[39m
[32m[Nest] 46240  - [39m06/16/2025, 1:34:39 AM [32m    LOG[39m [38;5;3m[RouterExplorer] [39m[32mMapped {/auth/cross-device/initiate, GET} route[39m
[32m[Nest] 46240  - [39m06/16/2025, 1:34:39 AM [32m    LOG[39m [38;5;3m[RouterExplorer] [39m[32mMapped {/auth/cross-device/authenticate/:sessionId, GET} route[39m
[32m[Nest] 46240  - [39m06/16/2025, 1:34:39 AM [32m    LOG[39m [38;5;3m[RouterExplorer] [39m[32mMapped {/auth/cross-device/authenticate, POST} route[39m
[32m[Nest] 46240  - [39m06/16/2025, 1:34:39 AM [32m    LOG[39m [38;5;3m[RouterExplorer] [39m[32mMapped {/auth/cross-device/session/create, POST} route[39m
[32m[Nest] 46240  - [39m06/16/2025, 1:34:39 AM [32m    LOG[39m [38;5;3m[RouterExplorer] [39m[32mMapped {/auth/cross-device/session/:sessionId/status, GET} route[39m
[32m[Nest] 46240  - [39m06/16/2025, 1:34:39 AM [32m    LOG[39m [38;5;3m[RouterExplorer] [39m[32mMapped {/auth/cross-device/sessions/active, GET} route[39m
[32m[Nest] 46240  - [39m06/16/2025, 1:34:39 AM [32m    LOG[39m [38;5;3m[RoutesResolver] [39m[32mHealthController {/health}:[39m
[32m[Nest] 46240  - [39m06/16/2025, 1:34:39 AM [32m    LOG[39m [38;5;3m[RouterExplorer] [39m[32mMapped {/health, GET} route[39m
[32m[Nest] 46240  - [39m06/16/2025, 1:34:39 AM [32m    LOG[39m [38;5;3m[NestApplication] [39m[32mNest application successfully started[39m
[31m[Nest] 46240  - [39m06/16/2025, 1:34:39 AM [31m  ERROR[39m [38;5;3m[NestApplication] [39m[31mError: listen EADDRINUSE: address already in use 0.0.0.0:3002[39m
[31m[Nest] 46240  - [39m06/16/2025, 1:34:39 AM [31m  ERROR[39m [38;5;3m[Bootstrap] [39m[31mðŸ’¥ðŸ’¥ðŸ’¥ BOOTSTRAP FAILED! ðŸ’¥ðŸ’¥ðŸ’¥[39m
Error: listen EADDRINUSE: address already in use 0.0.0.0:3002
    at Server.setupListenHandle [as _listen2] (node:net:1939:16)
    at listenInCluster (node:net:1996:12)
    at node:net:2205:7
    at process.processTicksAndRejections (node:internal/process/task_queues:90:21)
[2J[3J[H[[90m1:34:41 AM[0m] File change detected. Starting incremental compilation...

[96msrc/spid-auth/spid.strategy.ts[0m:[93m2[0m:[93m34[0m - [91merror[0m[90m TS2307: [0mCannot find module '@nestjs/passport' or its corresponding type declarations.

[7m2[0m import { PassportStrategy } from '@nestjs/passport';
[7m [0m [91m                                 ~~~~~~~~~~~~~~~~~~[0m

[96msrc/spid-auth/spid.strategy.ts[0m:[93m3[0m:[93m42[0m - [91merror[0m[90m TS2307: [0mCannot find module 'passport-saml' or its corresponding type declarations.

[7m3[0m import { Strategy as SamlStrategy } from 'passport-saml';
[7m [0m [91m                                         ~~~~~~~~~~~~~~~[0m

[[90m1:34:41 AM[0m] Found 2 errors. Watching for file changes.

[2J[3J[H[[90m1:34:59 AM[0m] File change detected. Starting incremental compilation...

[96msrc/spid-auth/spid.strategy.ts[0m:[93m29[0m:[93m7[0m - [91merror[0m[90m TS2345: [0mArgument of type '[{ entryPoint: string; cert: string; issuer: string; callbackUrl: string; privateCert: string; decryptionPvk: string; signatureAlgorithm: "sha256"; acceptedClockSkewMs: number; }]' is not assignable to parameter of type '[options: SamlConfig] | [options: SamlConfig]'.
  Type '[{ entryPoint: string; cert: string; issuer: string; callbackUrl: string; privateCert: string; decryptionPvk: string; signatureAlgorithm: "sha256"; acceptedClockSkewMs: number; }]' is not assignable to type '[options: SamlConfig]'.
    Object literal may only specify known properties, and 'privateCert' does not exist in type 'SamlConfig'.

[7m29[0m       privateCert: process.env.SPID_KEY,
[7m  [0m [91m      ~~~~~~~~~~~[0m

[[90m1:34:59 AM[0m] Found 1 error. Watching for file changes.

[2J[3J[H[[90m1:35:00 AM[0m] File change detected. Starting incremental compilation...

[96msrc/spid-auth/spid.strategy.ts[0m:[93m29[0m:[93m7[0m - [91merror[0m[90m TS2345: [0mArgument of type '[{ entryPoint: string; cert: string; issuer: string; callbackUrl: string; privateCert: string; decryptionPvk: string; signatureAlgorithm: "sha256"; acceptedClockSkewMs: number; }]' is not assignable to parameter of type '[options: SamlConfig] | [options: SamlConfig]'.
  Type '[{ entryPoint: string; cert: string; issuer: string; callbackUrl: string; privateCert: string; decryptionPvk: string; signatureAlgorithm: "sha256"; acceptedClockSkewMs: number; }]' is not assignable to type '[options: SamlConfig]'.
    Object literal may only specify known properties, and 'privateCert' does not exist in type 'SamlConfig'.

[7m29[0m       privateCert: process.env.SPID_KEY,
[7m  [0m [91m      ~~~~~~~~~~~[0m

[[90m1:35:00 AM[0m] Found 1 error. Watching for file changes.

[2J[3J[H[[90m1:35:05 AM[0m] File change detected. Starting incremental compilation...

[96msrc/spid-auth/spid.strategy.ts[0m:[93m3[0m:[93m42[0m - [91merror[0m[90m TS2307: [0mCannot find module 'passport-saml' or its corresponding type declarations.

[7m3[0m import { Strategy as SamlStrategy } from 'passport-saml';
[7m [0m [91m                                         ~~~~~~~~~~~~~~~[0m

[[90m1:35:06 AM[0m] Found 1 error. Watching for file changes.

[2J[3J[H[[90m1:35:12 AM[0m] File change detected. Starting incremental compilation...

[96msrc/spid-auth/spid.strategy.ts[0m:[93m3[0m:[93m42[0m - [91merror[0m[90m TS2307: [0mCannot find module 'passport-saml' or its corresponding type declarations.

[7m3[0m import { Strategy as SamlStrategy } from 'passport-saml';
[7m [0m [91m                                         ~~~~~~~~~~~~~~~[0m

[[90m1:35:12 AM[0m] Found 1 error. Watching for file changes.

[2J[3J[H[[90m1:35:18 AM[0m] File change detected. Starting incremental compilation...

[96msrc/spid-auth/spid.strategy.ts[0m:[93m24[0m:[93m11[0m - [91merror[0m[90m TS2345: [0mArgument of type '[{ entryPoint: string; cert: string; issuer: string; callbackUrl: string; privateCert: string; decryptionPvk: string; signatureAlgorithm: "sha256"; acceptedClockSkewMs: number; }]' is not assignable to parameter of type '[options: PassportSamlConfig, signonVerify: VerifyWithRequest] | [options: PassportSamlConfig, signonVerify: VerifyWithoutRequest]'.
  Type '[{ entryPoint: string; cert: string; issuer: string; callbackUrl: string; privateCert: string; decryptionPvk: string; signatureAlgorithm: "sha256"; acceptedClockSkewMs: number; }]' is not assignable to type '[options: PassportSamlConfig, signonVerify: VerifyWithoutRequest]'.
    Source has 1 element(s) but target requires 2.

[7m 24[0m     super({
[7m   [0m [91m          ~[0m
[7m 25[0m       entryPoint: process.env.SPID_IDP_ENTRY_POINT,
[7m   [0m [91m~~~~~~~~~~~~~~~~~~~~~~~~~~~~~~~~~~~~~~~~~~~~~~~~~~~[0m
[7m...[0m 
[7m 32[0m       acceptedClockSkewMs: 300000,
[7m   [0m [91m~~~~~~~~~~~~~~~~~~~~~~~~~~~~~~~~~~[0m
[7m 33[0m     });
[7m   [0m [91m~~~~~[0m

[[90m1:35:18 AM[0m] Found 1 error. Watching for file changes.

[2J[3J[H[[90m1:35:29 AM[0m] File change detected. Starting incremental compilation...

[96msrc/spid-auth/spid.strategy.ts[0m:[93m27[0m:[93m9[0m - [91merror[0m[90m TS2345: [0mArgument of type '[{ entryPoint: string; cert: string; issuer: string; callbackUrl: string; privateCert: string; decryptionPvk: string; signatureAlgorithm: "sha256"; acceptedClockSkewMs: number; }, any]' is not assignable to parameter of type '[options: PassportSamlConfig, signonVerify: VerifyWithRequest] | [options: PassportSamlConfig, signonVerify: VerifyWithoutRequest]'.
  Type '[{ entryPoint: string; cert: string; issuer: string; callbackUrl: string; privateCert: string; decryptionPvk: string; signatureAlgorithm: "sha256"; acceptedClockSkewMs: number; }, any]' is not assignable to type '[options: PassportSamlConfig, signonVerify: VerifyWithoutRequest]'.
    Type at position 0 in source is not compatible with type at position 0 in target.
      Object literal may only specify known properties, and 'cert' does not exist in type 'PassportSamlConfig'.

[7m27[0m         cert: idpCert,
[7m  [0m [91m        ~~~~[0m

[96msrc/spid-auth/spid.strategy.ts[0m:[93m35[0m:[93m7[0m - [91merror[0m[90m TS17009: [0m'super' must be called before accessing 'this' in the constructor of a derived class.

[7m35[0m       this.validate.bind(this)
[7m  [0m [91m      ~~~~[0m

[96msrc/spid-auth/spid.strategy.ts[0m:[93m35[0m:[93m26[0m - [91merror[0m[90m TS17009: [0m'super' must be called before accessing 'this' in the constructor of a derived class.

[7m35[0m       this.validate.bind(this)
[7m  [0m [91m                         ~~~~[0m

[[90m1:35:29 AM[0m] Found 3 errors. Watching for file changes.

[2J[3J[H[[90m1:35:49 AM[0m] File change detected. Starting incremental compilation...

[96msrc/spid-auth/spid.strategy.ts[0m:[93m24[0m:[93m11[0m - [91merror[0m[90m TS2345: [0mArgument of type '[{ entryPoint: string; idpCert: string; issuer: string; callbackUrl: string; privateKey: string; decryptionPvk: string; signatureAlgorithm: "sha256"; acceptedClockSkewMs: number; }]' is not assignable to parameter of type '[options: PassportSamlConfig, signonVerify: VerifyWithRequest] | [options: PassportSamlConfig, signonVerify: VerifyWithoutRequest]'.
  Type '[{ entryPoint: string; idpCert: string; issuer: string; callbackUrl: string; privateKey: string; decryptionPvk: string; signatureAlgorithm: "sha256"; acceptedClockSkewMs: number; }]' is not assignable to type '[options: PassportSamlConfig, signonVerify: VerifyWithoutRequest]'.
    Source has 1 element(s) but target requires 2.

[7m 24[0m     super({
[7m   [0m [91m          ~[0m
[7m 25[0m       entryPoint: process.env.SPID_IDP_ENTRY_POINT,
[7m   [0m [91m~~~~~~~~~~~~~~~~~~~~~~~~~~~~~~~~~~~~~~~~~~~~~~~~~~~[0m
[7m...[0m 
[7m 32[0m       acceptedClockSkewMs: 300000,
[7m   [0m [91m~~~~~~~~~~~~~~~~~~~~~~~~~~~~~~~~~~[0m
[7m 33[0m     });
[7m   [0m [91m~~~~~[0m

[[90m1:35:49 AM[0m] Found 1 error. Watching for file changes.

[2J[3J[H[[90m1:36:16 AM[0m] File change detected. Starting incremental compilation...

[96msrc/spid-auth/spid.strategy.ts[0m:[93m26[0m:[93m11[0m - [91merror[0m[90m TS2345: [0mArgument of type '[any]' is not assignable to parameter of type '[options: PassportSamlConfig, signonVerify: VerifyWithRequest] | [options: PassportSamlConfig, signonVerify: VerifyWithoutRequest]'.
  Type '[any]' is not assignable to type '[options: PassportSamlConfig, signonVerify: VerifyWithoutRequest]'.
    Source has 1 element(s) but target requires 2.

[7m 26[0m     super({
[7m   [0m [91m          ~[0m
[7m 27[0m       entryPoint: process.env.SPID_IDP_ENTRY_POINT,
[7m   [0m [91m~~~~~~~~~~~~~~~~~~~~~~~~~~~~~~~~~~~~~~~~~~~~~~~~~~~[0m
[7m...[0m 
[7m 38[0m       disableRequestedAuthnContext: false,
[7m   [0m [91m~~~~~~~~~~~~~~~~~~~~~~~~~~~~~~~~~~~~~~~~~~[0m
[7m 39[0m     } as any); // Using 'as any' to bypass TypeScript strict checking for version compatibility
[7m   [0m [91m~~~~~~~~~~~~[0m

[[90m1:36:16 AM[0m] Found 1 error. Watching for file changes.

[2J[3J[H[[90m1:36:24 AM[0m] File change detected. Starting incremental compilation...

[96msrc/spid-auth/spid.strategy.ts[0m:[93m3[0m:[93m42[0m - [91merror[0m[90m TS2307: [0mCannot find module '@node-saml/passport-saml' or its corresponding type declarations.

[7m3[0m import { Strategy as SamlStrategy } from '@node-saml/passport-saml';
[7m [0m [91m                                         ~~~~~~~~~~~~~~~~~~~~~~~~~~[0m

[[90m1:36:24 AM[0m] Found 1 error. Watching for file changes.

[2J[3J[H[[90m1:36:25 AM[0m] File change detected. Starting incremental compilation...

[96msrc/spid-auth/spid.strategy.ts[0m:[93m3[0m:[93m42[0m - [91merror[0m[90m TS2307: [0mCannot find module '@node-saml/passport-saml' or its corresponding type declarations.

[7m3[0m import { Strategy as SamlStrategy } from '@node-saml/passport-saml';
[7m [0m [91m                                         ~~~~~~~~~~~~~~~~~~~~~~~~~~[0m

[[90m1:36:25 AM[0m] Found 1 error. Watching for file changes.

[2J[3J[H[[90m1:36:49 AM[0m] File change detected. Starting incremental compilation...

[96msrc/spid-auth/spid.strategy.ts[0m:[93m31[0m:[93m7[0m - [91merror[0m[90m TS2345: [0mArgument of type '[{ entryPoint: string; cert: string; issuer: string; callbackUrl: string; privateCert: string; decryptionPvk: string; signatureAlgorithm: "sha256"; acceptedClockSkewMs: number; wantAssertionsSigned: true; wantAuthnResponseSigned: boolean; disableRequestedAuthnContext: false; }]' is not assignable to parameter of type '[options: SamlConfig] | [options: SamlConfig]'.
  Type '[{ entryPoint: string; cert: string; issuer: string; callbackUrl: string; privateCert: string; decryptionPvk: string; signatureAlgorithm: "sha256"; acceptedClockSkewMs: number; wantAssertionsSigned: true; wantAuthnResponseSigned: boolean; disableRequestedAuthnContext: false; }]' is not assignable to type '[options: SamlConfig]'.
    Object literal may only specify known properties, and 'privateCert' does not exist in type 'SamlConfig'.

[7m31[0m       privateCert: process.env.SPID_KEY, // SP private key for signing
[7m  [0m [91m      ~~~~~~~~~~~[0m

[[90m1:36:49 AM[0m] Found 1 error. Watching for file changes.

[2J[3J[H[[90m1:40:46 AM[0m] File change detected. Starting incremental compilation...

[96msrc/modules/auth/auth.controller.ts[0m:[93m464[0m:[93m49[0m - [91merror[0m[90m TS2339: [0mProperty 'retrieveUserData' does not exist on type 'AadhaarProvider'.

[7m464[0m       const result = await this.aadhaarProvider.retrieveUserData({
[7m   [0m [91m                                                ~~~~~~~~~~~~~~~~[0m

[[90m1:40:46 AM[0m] Found 1 error. Watching for file changes.

